[debug] [2021-01-15T22:35:20.720Z] ----------------------------------------------------------------------
[debug] [2021-01-15T22:35:20.720Z] Command:       C:\Program Files\nodejs\node.exe C:\Users\Nenad\AppData\Roaming\npm\node_modules\firebase-tools\lib\bin\firebase.js init
[debug] [2021-01-15T22:35:20.720Z] CLI Version:   9.1.2
[debug] [2021-01-15T22:35:20.720Z] Platform:      win32
[debug] [2021-01-15T22:35:20.720Z] Node Version:  v12.18.3
[debug] [2021-01-15T22:35:20.720Z] Time:          Fri Jan 15 2021 23:35:20 GMT+0100 (Central European Standard Time)
[debug] [2021-01-15T22:35:20.720Z] ----------------------------------------------------------------------
[debug] [2021-01-15T22:35:20.720Z] 
[debug] [2021-01-15T22:35:20.731Z] >>> [apiv2][query] GET https://firebase-public.firebaseio.com/cli.json [none]
[debug] [2021-01-15T22:35:20.753Z] > command requires scopes: ["email","openid","https://www.googleapis.com/auth/cloudplatformprojects.readonly","https://www.googleapis.com/auth/firebase","https://www.googleapis.com/auth/cloud-platform"]
[debug] [2021-01-15T22:35:20.753Z] > authorizing via signed-in user
[info] 
     ######## #### ########  ######## ########     ###     ######  ########
     ##        ##  ##     ## ##       ##     ##  ##   ##  ##       ##
     ######    ##  ########  ######   ########  #########  ######  ######
     ##        ##  ##    ##  ##       ##     ## ##     ##       ## ##
     ##       #### ##     ## ######## ########  ##     ##  ######  ########

You're about to initialize a Firebase project in this directory:

  C:\Users\Nenad\Desktop\used-cars\used-cars-sale

[debug] [2021-01-15T22:35:21.455Z] <<< [apiv2][status] GET https://firebase-public.firebaseio.com/cli.json 200
[debug] [2021-01-15T22:35:21.457Z] <<< [apiv2][body] GET https://firebase-public.firebaseio.com/cli.json {"cloudBuildErrorAfter":1594252800000,"cloudBuildWarnAfter":1590019200000,"defaultNode10After":1594252800000,"minVersion":"3.0.5","node8DeploysDisabledAfter":1613390400000,"node8RuntimeDisabledAfter":1615809600000,"node8WarnAfter":1600128000000}
